# JRE version: Java(TM) SE Runtime Environment (8.0_151-b12) (build 1.8.0_151-b12)
# Java VM: Java HotSpot(TM) 64-Bit Server VM (25.151-b12 mixed mode windows-amd64 compressed oops)
Heap:
 par new generation   total 39296K, used 17595K [0x00000000c0000000, 0x00000000c2aa0000, 0x00000000d4cc0000)
  eden space 34944K,  39% used [0x00000000c0000000, 0x00000000c0d842d0, 0x00000000c2220000)
  from space 4352K,  86% used [0x00000000c2220000, 0x00000000c25caa60, 0x00000000c2660000)
  to   space 4352K,   0% used [0x00000000c2660000, 0x00000000c2660000, 0x00000000c2aa0000)
 concurrent mark-sweep generation total 171456K, used 106280K [0x00000000d4cc0000, 0x00000000df430000, 0x0000000100000000)
 Metaspace       used 93996K, capacity 102310K, committed 102600K, reserved 1138688K
  class space    used 11950K, capacity 14306K, committed 14420K, reserved 1048576K
GC Heap History (10 events):
Event: 33.590 GC heap before
{Heap before GC invocations=59 (full 5):
 par new generation   total 39296K, used 36845K [0x00000000c0000000, 0x00000000c2aa0000, 0x00000000d4cc0000)
  eden space 34944K, 100% used [0x00000000c0000000, 0x00000000c2220000, 0x00000000c2220000)
  from space 4352K,  43% used [0x00000000c2660000, 0x00000000c283b458, 0x00000000c2aa0000)
  to   space 4352K,   0% used [0x00000000c2220000, 0x00000000c2220000, 0x00000000c2660000)
 concurrent mark-sweep generation total 131552K, used 88102K [0x00000000d4cc0000, 0x00000000dcd38000, 0x0000000100000000)
 Metaspace       used 86797K, capacity 94176K, committed 94280K, reserved 1130496K
  class space    used 10922K, capacity 12950K, committed 13012K, reserved 1048576K
Event: 33.602 GC heap after
Heap after GC invocations=60 (full 5):
 par new generation   total 39296K, used 4352K [0x00000000c0000000, 0x00000000c2aa0000, 0x00000000d4cc0000)
  eden space 34944K,   0% used [0x00000000c0000000, 0x00000000c0000000, 0x00000000c2220000)
  from space 4352K, 100% used [0x00000000c2220000, 0x00000000c2660000, 0x00000000c2660000)
  to   space 4352K,   0% used [0x00000000c2660000, 0x00000000c2660000, 0x00000000c2aa0000)
 concurrent mark-sweep generation total 131552K, used 88870K [0x00000000d4cc0000, 0x00000000dcd38000, 0x0000000100000000)
 Metaspace       used 86797K, capacity 94176K, committed 94280K, reserved 1130496K
  class space    used 10922K, capacity 12950K, committed 13012K, reserved 1048576K
}
Event: 33.881 GC heap before
{Heap before GC invocations=60 (full 5):
 par new generation   total 39296K, used 39296K [0x00000000c0000000, 0x00000000c2aa0000, 0x00000000d4cc0000)
  eden space 34944K, 100% used [0x00000000c0000000, 0x00000000c2220000, 0x00000000c2220000)
  from space 4352K, 100% used [0x00000000c2220000, 0x00000000c2660000, 0x00000000c2660000)
  to   space 4352K,   0% used [0x00000000c2660000, 0x00000000c2660000, 0x00000000c2aa0000)
 concurrent mark-sweep generation total 131552K, used 88870K [0x00000000d4cc0000, 0x00000000dcd38000, 0x0000000100000000)
 Metaspace       used 87004K, capacity 94432K, committed 94536K, reserved 1130496K
  class space    used 10927K, capacity 12950K, committed 13012K, reserved 1048576K
Event: 33.890 GC heap after
Heap after GC invocations=61 (full 5):
 par new generation   total 39296K, used 4352K [0x00000000c0000000, 0x00000000c2aa0000, 0x00000000d4cc0000)
  eden space 34944K,   0% used [0x00000000c0000000, 0x00000000c0000000, 0x00000000c2220000)
  from space 4352K, 100% used [0x00000000c2660000, 0x00000000c2aa0000, 0x00000000c2aa0000)
  to   space 4352K,   0% used [0x00000000c2220000, 0x00000000c2220000, 0x00000000c2660000)
 concurrent mark-sweep generation total 131552K, used 94627K [0x00000000d4cc0000, 0x00000000dcd38000, 0x0000000100000000)
 Metaspace       used 87004K, capacity 94432K, committed 94536K, reserved 1130496K
  class space    used 10927K, capacity 12950K, committed 13012K, reserved 1048576K
}
Event: 36.934 GC heap before
{Heap before GC invocations=61 (full 5):
 par new generation   total 39296K, used 39296K [0x00000000c0000000, 0x00000000c2aa0000, 0x00000000d4cc0000)
  eden space 34944K, 100% used [0x00000000c0000000, 0x00000000c2220000, 0x00000000c2220000)
  from space 4352K, 100% used [0x00000000c2660000, 0x00000000c2aa0000, 0x00000000c2aa0000)
  to   space 4352K,   0% used [0x00000000c2220000, 0x00000000c2220000, 0x00000000c2660000)
 concurrent mark-sweep generation total 131552K, used 94627K [0x00000000d4cc0000, 0x00000000dcd38000, 0x0000000100000000)
 Metaspace       used 91009K, capacity 98652K, committed 98760K, reserved 1134592K
  class space    used 11459K, capacity 13632K, committed 13652K, reserved 1048576K
Event: 36.947 GC heap after
Heap after GC invocations=62 (full 5):
 par new generation   total 39296K, used 4352K [0x00000000c0000000, 0x00000000c2aa0000, 0x00000000d4cc0000)
  eden space 34944K,   0% used [0x00000000c0000000, 0x00000000c0000000, 0x00000000c2220000)
  from space 4352K, 100% used [0x00000000c2220000, 0x00000000c2660000, 0x00000000c2660000)
  to   space 4352K,   0% used [0x00000000c2660000, 0x00000000c2660000, 0x00000000c2aa0000)
 concurrent mark-sweep generation total 131552K, used 100605K [0x00000000d4cc0000, 0x00000000dcd38000, 0x0000000100000000)
 Metaspace       used 91009K, capacity 98652K, committed 98760K, reserved 1134592K
  class space    used 11459K, capacity 13632K, committed 13652K, reserved 1048576K
}
Event: 37.728 GC heap before
{Heap before GC invocations=62 (full 5):
 par new generation   total 39296K, used 39296K [0x00000000c0000000, 0x00000000c2aa0000, 0x00000000d4cc0000)
  eden space 34944K, 100% used [0x00000000c0000000, 0x00000000c2220000, 0x00000000c2220000)
  from space 4352K, 100% used [0x00000000c2220000, 0x00000000c2660000, 0x00000000c2660000)
  to   space 4352K,   0% used [0x00000000c2660000, 0x00000000c2660000, 0x00000000c2aa0000)
 concurrent mark-sweep generation total 131552K, used 100605K [0x00000000d4cc0000, 0x00000000dcd38000, 0x0000000100000000)
 Metaspace       used 91206K, capacity 98970K, committed 99144K, reserved 1134592K
  class space    used 11493K, capacity 13674K, committed 13780K, reserved 1048576K
Event: 37.741 GC heap after
Heap after GC invocations=63 (full 5):
 par new generation   total 39296K, used 4352K [0x00000000c0000000, 0x00000000c2aa0000, 0x00000000d4cc0000)
  eden space 34944K,   0% used [0x00000000c0000000, 0x00000000c0000000, 0x00000000c2220000)
  from space 4352K, 100% used [0x00000000c2660000, 0x00000000c2aa0000, 0x00000000c2aa0000)
  to   space 4352K,   0% used [0x00000000c2220000, 0x00000000c2220000, 0x00000000c2660000)
 concurrent mark-sweep generation total 131552K, used 112493K [0x00000000d4cc0000, 0x00000000dcd38000, 0x0000000100000000)
 Metaspace       used 91206K, capacity 98970K, committed 99144K, reserved 1134592K
  class space    used 11493K, capacity 13674K, committed 13780K, reserved 1048576K
}
Event: 80.047 GC heap before
{Heap before GC invocations=63 (full 6):
 par new generation   total 39296K, used 39296K [0x00000000c0000000, 0x00000000c2aa0000, 0x00000000d4cc0000)
  eden space 34944K, 100% used [0x00000000c0000000, 0x00000000c2220000, 0x00000000c2220000)
  from space 4352K, 100% used [0x00000000c2660000, 0x00000000c2aa0000, 0x00000000c2aa0000)
  to   space 4352K,   0% used [0x00000000c2220000, 0x00000000c2220000, 0x00000000c2660000)
 concurrent mark-sweep generation total 171456K, used 102873K [0x00000000d4cc0000, 0x00000000df430000, 0x0000000100000000)
 Metaspace       used 91797K, capacity 99812K, committed 99912K, reserved 1136640K
  class space    used 11539K, capacity 13757K, committed 13780K, reserved 1048576K
Event: 80.054 GC heap after
Heap after GC invocations=64 (full 6):
 par new generation   total 39296K, used 3754K [0x00000000c0000000, 0x00000000c2aa0000, 0x00000000d4cc0000)
  eden space 34944K,   0% used [0x00000000c0000000, 0x00000000c0000000, 0x00000000c2220000)
  from space 4352K,  86% used [0x00000000c2220000, 0x00000000c25caa60, 0x00000000c2660000)
  to   space 4352K,   0% used [0x00000000c2660000, 0x00000000c2660000, 0x00000000c2aa0000)
 concurrent mark-sweep generation total 171456K, used 106280K [0x00000000d4cc0000, 0x00000000df430000, 0x0000000100000000)
 Metaspace       used 91797K, capacity 99812K, committed 99912K, reserved 1136640K
  class space    used 11539K, capacity 13757K, committed 13780K, reserved 1048576K
}

