# JRE version: Java(TM) SE Runtime Environment (8.0_151-b12) (build 1.8.0_151-b12)
# Java VM: Java HotSpot(TM) 64-Bit Server VM (25.151-b12 mixed mode windows-amd64 compressed oops)
Heap:
 par new generation   total 39296K, used 10282K [0x00000000c0000000, 0x00000000c2aa0000, 0x00000000d4cc0000)
  eden space 34944K,  18% used [0x00000000c0000000, 0x00000000c0655bb0, 0x00000000c2220000)
  from space 4352K,  87% used [0x00000000c2220000, 0x00000000c25d4cd0, 0x00000000c2660000)
  to   space 4352K,   0% used [0x00000000c2660000, 0x00000000c2660000, 0x00000000c2aa0000)
 concurrent mark-sweep generation total 99336K, used 71540K [0x00000000d4cc0000, 0x00000000dadc2000, 0x0000000100000000)
 Metaspace       used 55218K, capacity 60500K, committed 60780K, reserved 1101824K
  class space    used 6498K, capacity 8085K, committed 8128K, reserved 1048576K
GC Heap History (10 events):
Event: 16.683 GC heap before
{Heap before GC invocations=43 (full 3):
 par new generation   total 39296K, used 37050K [0x00000000c0000000, 0x00000000c2aa0000, 0x00000000d4cc0000)
  eden space 34944K,  95% used [0x00000000c0000000, 0x00000000c208ea18, 0x00000000c2220000)
  from space 4352K,  85% used [0x00000000c2660000, 0x00000000c29fff38, 0x00000000c2aa0000)
  to   space 4352K,   0% used [0x00000000c2220000, 0x00000000c2220000, 0x00000000c2660000)
 concurrent mark-sweep generation total 99336K, used 62612K [0x00000000d4cc0000, 0x00000000dadc2000, 0x0000000100000000)
 Metaspace       used 54681K, capacity 60016K, committed 60268K, reserved 1101824K
  class space    used 6449K, capacity 8053K, committed 8128K, reserved 1048576K
Event: 16.685 GC heap after
Heap after GC invocations=44 (full 3):
 par new generation   total 39296K, used 3761K [0x00000000c0000000, 0x00000000c2aa0000, 0x00000000d4cc0000)
  eden space 34944K,   0% used [0x00000000c0000000, 0x00000000c0000000, 0x00000000c2220000)
  from space 4352K,  86% used [0x00000000c2220000, 0x00000000c25cc688, 0x00000000c2660000)
  to   space 4352K,   0% used [0x00000000c2660000, 0x00000000c2660000, 0x00000000c2aa0000)
 concurrent mark-sweep generation total 99336K, used 63770K [0x00000000d4cc0000, 0x00000000dadc2000, 0x0000000100000000)
 Metaspace       used 54681K, capacity 60016K, committed 60268K, reserved 1101824K
  class space    used 6449K, capacity 8053K, committed 8128K, reserved 1048576K
}
Event: 16.747 GC heap before
{Heap before GC invocations=44 (full 3):
 par new generation   total 39296K, used 38106K [0x00000000c0000000, 0x00000000c2aa0000, 0x00000000d4cc0000)
  eden space 34944K,  98% used [0x00000000c0000000, 0x00000000c218a220, 0x00000000c2220000)
  from space 4352K,  86% used [0x00000000c2220000, 0x00000000c25cc688, 0x00000000c2660000)
  to   space 4352K,   0% used [0x00000000c2660000, 0x00000000c2660000, 0x00000000c2aa0000)
 concurrent mark-sweep generation total 99336K, used 63770K [0x00000000d4cc0000, 0x00000000dadc2000, 0x0000000100000000)
 Metaspace       used 54799K, capacity 60148K, committed 60268K, reserved 1101824K
  class space    used 6462K, capacity 8053K, committed 8128K, reserved 1048576K
Event: 16.748 GC heap after
Heap after GC invocations=45 (full 3):
 par new generation   total 39296K, used 1412K [0x00000000c0000000, 0x00000000c2aa0000, 0x00000000d4cc0000)
  eden space 34944K,   0% used [0x00000000c0000000, 0x00000000c0000000, 0x00000000c2220000)
  from space 4352K,  32% used [0x00000000c2660000, 0x00000000c27c12c0, 0x00000000c2aa0000)
  to   space 4352K,   0% used [0x00000000c2220000, 0x00000000c2220000, 0x00000000c2660000)
 concurrent mark-sweep generation total 99336K, used 64985K [0x00000000d4cc0000, 0x00000000dadc2000, 0x0000000100000000)
 Metaspace       used 54799K, capacity 60148K, committed 60268K, reserved 1101824K
  class space    used 6462K, capacity 8053K, committed 8128K, reserved 1048576K
}
Event: 16.778 GC heap before
{Heap before GC invocations=45 (full 3):
 par new generation   total 39296K, used 35036K [0x00000000c0000000, 0x00000000c2aa0000, 0x00000000d4cc0000)
  eden space 34944K,  96% used [0x00000000c0000000, 0x00000000c20d5fa8, 0x00000000c2220000)
  from space 4352K,  32% used [0x00000000c2660000, 0x00000000c27c12c0, 0x00000000c2aa0000)
  to   space 4352K,   0% used [0x00000000c2220000, 0x00000000c2220000, 0x00000000c2660000)
 concurrent mark-sweep generation total 99336K, used 64985K [0x00000000d4cc0000, 0x00000000dadc2000, 0x0000000100000000)
 Metaspace       used 54871K, capacity 60180K, committed 60268K, reserved 1101824K
  class space    used 6468K, capacity 8085K, committed 8128K, reserved 1048576K
Event: 16.780 GC heap after
Heap after GC invocations=46 (full 3):
 par new generation   total 39296K, used 2072K [0x00000000c0000000, 0x00000000c2aa0000, 0x00000000d4cc0000)
  eden space 34944K,   0% used [0x00000000c0000000, 0x00000000c0000000, 0x00000000c2220000)
  from space 4352K,  47% used [0x00000000c2220000, 0x00000000c24261d0, 0x00000000c2660000)
  to   space 4352K,   0% used [0x00000000c2660000, 0x00000000c2660000, 0x00000000c2aa0000)
 concurrent mark-sweep generation total 99336K, used 64985K [0x00000000d4cc0000, 0x00000000dadc2000, 0x0000000100000000)
 Metaspace       used 54871K, capacity 60180K, committed 60268K, reserved 1101824K
  class space    used 6468K, capacity 8085K, committed 8128K, reserved 1048576K
}
Event: 16.802 GC heap before
{Heap before GC invocations=46 (full 3):
 par new generation   total 39296K, used 37016K [0x00000000c0000000, 0x00000000c2aa0000, 0x00000000d4cc0000)
  eden space 34944K, 100% used [0x00000000c0000000, 0x00000000c2220000, 0x00000000c2220000)
  from space 4352K,  47% used [0x00000000c2220000, 0x00000000c24261d0, 0x00000000c2660000)
  to   space 4352K,   0% used [0x00000000c2660000, 0x00000000c2660000, 0x00000000c2aa0000)
 concurrent mark-sweep generation total 99336K, used 64985K [0x00000000d4cc0000, 0x00000000dadc2000, 0x0000000100000000)
 Metaspace       used 54871K, capacity 60180K, committed 60268K, reserved 1101824K
  class space    used 6468K, capacity 8085K, committed 8128K, reserved 1048576K
Event: 16.804 GC heap after
Heap after GC invocations=47 (full 3):
 par new generation   total 39296K, used 3981K [0x00000000c0000000, 0x00000000c2aa0000, 0x00000000d4cc0000)
  eden space 34944K,   0% used [0x00000000c0000000, 0x00000000c0000000, 0x00000000c2220000)
  from space 4352K,  91% used [0x00000000c2660000, 0x00000000c2a436d0, 0x00000000c2aa0000)
  to   space 4352K,   0% used [0x00000000c2220000, 0x00000000c2220000, 0x00000000c2660000)
 concurrent mark-sweep generation total 99336K, used 67790K [0x00000000d4cc0000, 0x00000000dadc2000, 0x0000000100000000)
 Metaspace       used 54871K, capacity 60180K, committed 60268K, reserved 1101824K
  class space    used 6468K, capacity 8085K, committed 8128K, reserved 1048576K
}
Event: 16.837 GC heap before
{Heap before GC invocations=47 (full 3):
 par new generation   total 39296K, used 38925K [0x00000000c0000000, 0x00000000c2aa0000, 0x00000000d4cc0000)
  eden space 34944K, 100% used [0x00000000c0000000, 0x00000000c2220000, 0x00000000c2220000)
  from space 4352K,  91% used [0x00000000c2660000, 0x00000000c2a436d0, 0x00000000c2aa0000)
  to   space 4352K,   0% used [0x00000000c2220000, 0x00000000c2220000, 0x00000000c2660000)
 concurrent mark-sweep generation total 99336K, used 67790K [0x00000000d4cc0000, 0x00000000dadc2000, 0x0000000100000000)
 Metaspace       used 55197K, capacity 60500K, committed 60780K, reserved 1101824K
  class space    used 6495K, capacity 8085K, committed 8128K, reserved 1048576K
Event: 16.840 GC heap after
Heap after GC invocations=48 (full 3):
 par new generation   total 39296K, used 3795K [0x00000000c0000000, 0x00000000c2aa0000, 0x00000000d4cc0000)
  eden space 34944K,   0% used [0x00000000c0000000, 0x00000000c0000000, 0x00000000c2220000)
  from space 4352K,  87% used [0x00000000c2220000, 0x00000000c25d4cd0, 0x00000000c2660000)
  to   space 4352K,   0% used [0x00000000c2660000, 0x00000000c2660000, 0x00000000c2aa0000)
 concurrent mark-sweep generation total 99336K, used 71540K [0x00000000d4cc0000, 0x00000000dadc2000, 0x0000000100000000)
 Metaspace       used 55197K, capacity 60500K, committed 60780K, reserved 1101824K
  class space    used 6495K, capacity 8085K, committed 8128K, reserved 1048576K
}

