# JRE version: Java(TM) SE Runtime Environment (8.0_151-b12) (build 1.8.0_151-b12)
# Java VM: Java HotSpot(TM) 64-Bit Server VM (25.151-b12 mixed mode windows-amd64 compressed oops)
Heap:
 par new generation   total 39296K, used 27307K [0x00000000c0000000, 0x00000000c2aa0000, 0x00000000d4cc0000)
  eden space 34944K,  69% used [0x00000000c0000000, 0x00000000c179f290, 0x00000000c2220000)
  from space 4352K,  71% used [0x00000000c2220000, 0x00000000c252bad8, 0x00000000c2660000)
  to   space 4352K,   0% used [0x00000000c2660000, 0x00000000c2660000, 0x00000000c2aa0000)
 concurrent mark-sweep generation total 87424K, used 55868K [0x00000000d4cc0000, 0x00000000da220000, 0x0000000100000000)
 Metaspace       used 58029K, capacity 63590K, committed 63772K, reserved 1103872K
  class space    used 6801K, capacity 8480K, committed 8588K, reserved 1048576K
GC Heap History (10 events):
Event: 20.275 GC heap before
{Heap before GC invocations=23 (full 2):
 par new generation   total 39296K, used 36790K [0x00000000c0000000, 0x00000000c2aa0000, 0x00000000d4cc0000)
  eden space 34944K, 100% used [0x00000000c0000000, 0x00000000c2220000, 0x00000000c2220000)
  from space 4352K,  42% used [0x00000000c2660000, 0x00000000c282db90, 0x00000000c2aa0000)
  to   space 4352K,   0% used [0x00000000c2220000, 0x00000000c2220000, 0x00000000c2660000)
 concurrent mark-sweep generation total 87424K, used 48675K [0x00000000d4cc0000, 0x00000000da220000, 0x0000000100000000)
 Metaspace       used 57415K, capacity 62940K, committed 63132K, reserved 1103872K
  class space    used 6733K, capacity 8415K, committed 8460K, reserved 1048576K
Event: 20.279 GC heap after
Heap after GC invocations=24 (full 2):
 par new generation   total 39296K, used 4352K [0x00000000c0000000, 0x00000000c2aa0000, 0x00000000d4cc0000)
  eden space 34944K,   0% used [0x00000000c0000000, 0x00000000c0000000, 0x00000000c2220000)
  from space 4352K, 100% used [0x00000000c2220000, 0x00000000c2660000, 0x00000000c2660000)
  to   space 4352K,   0% used [0x00000000c2660000, 0x00000000c2660000, 0x00000000c2aa0000)
 concurrent mark-sweep generation total 87424K, used 48952K [0x00000000d4cc0000, 0x00000000da220000, 0x0000000100000000)
 Metaspace       used 57415K, capacity 62940K, committed 63132K, reserved 1103872K
  class space    used 6733K, capacity 8415K, committed 8460K, reserved 1048576K
}
Event: 20.280 GC heap before
{Heap before GC invocations=24 (full 2):
 par new generation   total 39296K, used 4379K [0x00000000c0000000, 0x00000000c2aa0000, 0x00000000d4cc0000)
  eden space 34944K,   0% used [0x00000000c0000000, 0x00000000c0006fe0, 0x00000000c2220000)
  from space 4352K, 100% used [0x00000000c2220000, 0x00000000c2660000, 0x00000000c2660000)
  to   space 4352K,   0% used [0x00000000c2660000, 0x00000000c2660000, 0x00000000c2aa0000)
 concurrent mark-sweep generation total 87424K, used 48952K [0x00000000d4cc0000, 0x00000000da220000, 0x0000000100000000)
 Metaspace       used 57415K, capacity 62940K, committed 63132K, reserved 1103872K
  class space    used 6733K, capacity 8415K, committed 8460K, reserved 1048576K
Event: 20.285 GC heap after
Heap after GC invocations=25 (full 2):
 par new generation   total 39296K, used 173K [0x00000000c0000000, 0x00000000c2aa0000, 0x00000000d4cc0000)
  eden space 34944K,   0% used [0x00000000c0000000, 0x00000000c0000000, 0x00000000c2220000)
  from space 4352K,   3% used [0x00000000c2660000, 0x00000000c268b738, 0x00000000c2aa0000)
  to   space 4352K,   0% used [0x00000000c2220000, 0x00000000c2220000, 0x00000000c2660000)
 concurrent mark-sweep generation total 87424K, used 53132K [0x00000000d4cc0000, 0x00000000da220000, 0x0000000100000000)
 Metaspace       used 57415K, capacity 62940K, committed 63132K, reserved 1103872K
  class space    used 6733K, capacity 8415K, committed 8460K, reserved 1048576K
}
Event: 20.341 GC heap before
{Heap before GC invocations=25 (full 2):
 par new generation   total 39296K, used 35117K [0x00000000c0000000, 0x00000000c2aa0000, 0x00000000d4cc0000)
  eden space 34944K, 100% used [0x00000000c0000000, 0x00000000c2220000, 0x00000000c2220000)
  from space 4352K,   3% used [0x00000000c2660000, 0x00000000c268b738, 0x00000000c2aa0000)
  to   space 4352K,   0% used [0x00000000c2220000, 0x00000000c2220000, 0x00000000c2660000)
 concurrent mark-sweep generation total 87424K, used 53132K [0x00000000d4cc0000, 0x00000000da220000, 0x0000000100000000)
 Metaspace       used 57512K, capacity 63142K, committed 63388K, reserved 1103872K
  class space    used 6741K, capacity 8416K, committed 8460K, reserved 1048576K
Event: 20.343 GC heap after
Heap after GC invocations=26 (full 2):
 par new generation   total 39296K, used 4100K [0x00000000c0000000, 0x00000000c2aa0000, 0x00000000d4cc0000)
  eden space 34944K,   0% used [0x00000000c0000000, 0x00000000c0000000, 0x00000000c2220000)
  from space 4352K,  94% used [0x00000000c2220000, 0x00000000c26211a0, 0x00000000c2660000)
  to   space 4352K,   0% used [0x00000000c2660000, 0x00000000c2660000, 0x00000000c2aa0000)
 concurrent mark-sweep generation total 87424K, used 53132K [0x00000000d4cc0000, 0x00000000da220000, 0x0000000100000000)
 Metaspace       used 57512K, capacity 63142K, committed 63388K, reserved 1103872K
  class space    used 6741K, capacity 8416K, committed 8460K, reserved 1048576K
}
Event: 20.409 GC heap before
{Heap before GC invocations=26 (full 2):
 par new generation   total 39296K, used 39044K [0x00000000c0000000, 0x00000000c2aa0000, 0x00000000d4cc0000)
  eden space 34944K, 100% used [0x00000000c0000000, 0x00000000c2220000, 0x00000000c2220000)
  from space 4352K,  94% used [0x00000000c2220000, 0x00000000c26211a0, 0x00000000c2660000)
  to   space 4352K,   0% used [0x00000000c2660000, 0x00000000c2660000, 0x00000000c2aa0000)
 concurrent mark-sweep generation total 87424K, used 53132K [0x00000000d4cc0000, 0x00000000da220000, 0x0000000100000000)
 Metaspace       used 57716K, capacity 63302K, committed 63388K, reserved 1103872K
  class space    used 6760K, capacity 8448K, committed 8460K, reserved 1048576K
Event: 20.413 GC heap after
Heap after GC invocations=27 (full 2):
 par new generation   total 39296K, used 4137K [0x00000000c0000000, 0x00000000c2aa0000, 0x00000000d4cc0000)
  eden space 34944K,   0% used [0x00000000c0000000, 0x00000000c0000000, 0x00000000c2220000)
  from space 4352K,  95% used [0x00000000c2660000, 0x00000000c2a6a640, 0x00000000c2aa0000)
  to   space 4352K,   0% used [0x00000000c2220000, 0x00000000c2220000, 0x00000000c2660000)
 concurrent mark-sweep generation total 87424K, used 53764K [0x00000000d4cc0000, 0x00000000da220000, 0x0000000100000000)
 Metaspace       used 57716K, capacity 63302K, committed 63388K, reserved 1103872K
  class space    used 6760K, capacity 8448K, committed 8460K, reserved 1048576K
}
Event: 20.483 GC heap before
{Heap before GC invocations=27 (full 2):
 par new generation   total 39296K, used 39081K [0x00000000c0000000, 0x00000000c2aa0000, 0x00000000d4cc0000)
  eden space 34944K, 100% used [0x00000000c0000000, 0x00000000c2220000, 0x00000000c2220000)
  from space 4352K,  95% used [0x00000000c2660000, 0x00000000c2a6a640, 0x00000000c2aa0000)
  to   space 4352K,   0% used [0x00000000c2220000, 0x00000000c2220000, 0x00000000c2660000)
 concurrent mark-sweep generation total 87424K, used 53764K [0x00000000d4cc0000, 0x00000000da220000, 0x0000000100000000)
 Metaspace       used 57854K, capacity 63430K, committed 63644K, reserved 1103872K
  class space    used 6778K, capacity 8448K, committed 8460K, reserved 1048576K
Event: 20.486 GC heap after
Heap after GC invocations=28 (full 2):
 par new generation   total 39296K, used 3118K [0x00000000c0000000, 0x00000000c2aa0000, 0x00000000d4cc0000)
  eden space 34944K,   0% used [0x00000000c0000000, 0x00000000c0000000, 0x00000000c2220000)
  from space 4352K,  71% used [0x00000000c2220000, 0x00000000c252bad8, 0x00000000c2660000)
  to   space 4352K,   0% used [0x00000000c2660000, 0x00000000c2660000, 0x00000000c2aa0000)
 concurrent mark-sweep generation total 87424K, used 55868K [0x00000000d4cc0000, 0x00000000da220000, 0x0000000100000000)
 Metaspace       used 57854K, capacity 63430K, committed 63644K, reserved 1103872K
  class space    used 6778K, capacity 8448K, committed 8460K, reserved 1048576K
}

