# JRE version: Java(TM) SE Runtime Environment (8.0_151-b12) (build 1.8.0_151-b12)
# Java VM: Java HotSpot(TM) 64-Bit Server VM (25.151-b12 mixed mode windows-amd64 compressed oops)
Heap:
 par new generation   total 39296K, used 12389K [0x00000000c0000000, 0x00000000c2aa0000, 0x00000000d4cc0000)
  eden space 34944K,  27% used [0x00000000c0000000, 0x00000000c0986468, 0x00000000c2220000)
  from space 4352K,  60% used [0x00000000c2660000, 0x00000000c28f3260, 0x00000000c2aa0000)
  to   space 4352K,   0% used [0x00000000c2220000, 0x00000000c2220000, 0x00000000c2660000)
 concurrent mark-sweep generation total 124140K, used 74482K [0x00000000d4cc0000, 0x00000000dc5fb000, 0x0000000100000000)
 Metaspace       used 60637K, capacity 66346K, committed 66460K, reserved 1107968K
  class space    used 7184K, capacity 8943K, committed 8944K, reserved 1048576K
GC Heap History (10 events):
Event: 15.289 GC heap before
{Heap before GC invocations=46 (full 3):
 par new generation   total 39296K, used 38427K [0x00000000c0000000, 0x00000000c2aa0000, 0x00000000d4cc0000)
  eden space 34944K, 100% used [0x00000000c0000000, 0x00000000c2220000, 0x00000000c2220000)
  from space 4352K,  80% used [0x00000000c2220000, 0x00000000c2586d18, 0x00000000c2660000)
  to   space 4352K,   0% used [0x00000000c2660000, 0x00000000c2660000, 0x00000000c2aa0000)
 concurrent mark-sweep generation total 105036K, used 99993K [0x00000000d4cc0000, 0x00000000db353000, 0x0000000100000000)
 Metaspace       used 58385K, capacity 63866K, committed 64156K, reserved 1105920K
  class space    used 6843K, capacity 8572K, committed 8688K, reserved 1048576K
Event: 15.293 GC heap after
Heap after GC invocations=47 (full 3):
 par new generation   total 39296K, used 3611K [0x00000000c0000000, 0x00000000c2aa0000, 0x00000000d4cc0000)
  eden space 34944K,   0% used [0x00000000c0000000, 0x00000000c0000000, 0x00000000c2220000)
  from space 4352K,  82% used [0x00000000c2660000, 0x00000000c29e6e78, 0x00000000c2aa0000)
  to   space 4352K,   0% used [0x00000000c2220000, 0x00000000c2220000, 0x00000000c2660000)
 concurrent mark-sweep generation total 107964K, used 102978K [0x00000000d4cc0000, 0x00000000db62f000, 0x0000000100000000)
 Metaspace       used 58385K, capacity 63866K, committed 64156K, reserved 1105920K
  class space    used 6843K, capacity 8572K, committed 8688K, reserved 1048576K
}
Event: 15.325 GC heap before
{Heap before GC invocations=47 (full 3):
 par new generation   total 39296K, used 37697K [0x00000000c0000000, 0x00000000c2aa0000, 0x00000000d4cc0000)
  eden space 34944K,  97% used [0x00000000c0000000, 0x00000000c21495e8, 0x00000000c2220000)
  from space 4352K,  82% used [0x00000000c2660000, 0x00000000c29e6e78, 0x00000000c2aa0000)
  to   space 4352K,   0% used [0x00000000c2220000, 0x00000000c2220000, 0x00000000c2660000)
 concurrent mark-sweep generation total 107964K, used 102978K [0x00000000d4cc0000, 0x00000000db62f000, 0x0000000100000000)
 Metaspace       used 58385K, capacity 63866K, committed 64156K, reserved 1105920K
  class space    used 6843K, capacity 8572K, committed 8688K, reserved 1048576K
Event: 15.328 GC heap after
Heap after GC invocations=48 (full 3):
 par new generation   total 39296K, used 3651K [0x00000000c0000000, 0x00000000c2aa0000, 0x00000000d4cc0000)
  eden space 34944K,   0% used [0x00000000c0000000, 0x00000000c0000000, 0x00000000c2220000)
  from space 4352K,  83% used [0x00000000c2220000, 0x00000000c25b0e18, 0x00000000c2660000)
  to   space 4352K,   0% used [0x00000000c2660000, 0x00000000c2660000, 0x00000000c2aa0000)
 concurrent mark-sweep generation total 109064K, used 104115K [0x00000000d4cc0000, 0x00000000db742000, 0x0000000100000000)
 Metaspace       used 58385K, capacity 63866K, committed 64156K, reserved 1105920K
  class space    used 6843K, capacity 8572K, committed 8688K, reserved 1048576K
}
Event: 15.359 GC heap before
{Heap before GC invocations=48 (full 3):
 par new generation   total 39296K, used 38595K [0x00000000c0000000, 0x00000000c2aa0000, 0x00000000d4cc0000)
  eden space 34944K, 100% used [0x00000000c0000000, 0x00000000c2220000, 0x00000000c2220000)
  from space 4352K,  83% used [0x00000000c2220000, 0x00000000c25b0e18, 0x00000000c2660000)
  to   space 4352K,   0% used [0x00000000c2660000, 0x00000000c2660000, 0x00000000c2aa0000)
 concurrent mark-sweep generation total 109064K, used 104115K [0x00000000d4cc0000, 0x00000000db742000, 0x0000000100000000)
 Metaspace       used 58406K, capacity 63930K, committed 64156K, reserved 1105920K
  class space    used 6844K, capacity 8572K, committed 8688K, reserved 1048576K
Event: 15.362 GC heap after
Heap after GC invocations=49 (full 3):
 par new generation   total 39296K, used 4040K [0x00000000c0000000, 0x00000000c2aa0000, 0x00000000d4cc0000)
  eden space 34944K,   0% used [0x00000000c0000000, 0x00000000c0000000, 0x00000000c2220000)
  from space 4352K,  92% used [0x00000000c2660000, 0x00000000c2a521c0, 0x00000000c2aa0000)
  to   space 4352K,   0% used [0x00000000c2220000, 0x00000000c2220000, 0x00000000c2660000)
 concurrent mark-sweep generation total 110164K, used 105285K [0x00000000d4cc0000, 0x00000000db855000, 0x0000000100000000)
 Metaspace       used 58406K, capacity 63930K, committed 64156K, reserved 1105920K
  class space    used 6844K, capacity 8572K, committed 8688K, reserved 1048576K
}
Event: 15.422 GC heap before
{Heap before GC invocations=49 (full 3):
 par new generation   total 39296K, used 37698K [0x00000000c0000000, 0x00000000c2aa0000, 0x00000000d4cc0000)
  eden space 34944K,  96% used [0x00000000c0000000, 0x00000000c20de9f8, 0x00000000c2220000)
  from space 4352K,  92% used [0x00000000c2660000, 0x00000000c2a521c0, 0x00000000c2aa0000)
  to   space 4352K,   0% used [0x00000000c2220000, 0x00000000c2220000, 0x00000000c2660000)
 concurrent mark-sweep generation total 110164K, used 105285K [0x00000000d4cc0000, 0x00000000db855000, 0x0000000100000000)
 Metaspace       used 58517K, capacity 64056K, committed 64412K, reserved 1105920K
  class space    used 6858K, capacity 8609K, committed 8688K, reserved 1048576K
Event: 15.425 GC heap after
Heap after GC invocations=50 (full 3):
 par new generation   total 39296K, used 1433K [0x00000000c0000000, 0x00000000c2aa0000, 0x00000000d4cc0000)
  eden space 34944K,   0% used [0x00000000c0000000, 0x00000000c0000000, 0x00000000c2220000)
  from space 4352K,  32% used [0x00000000c2220000, 0x00000000c23867d8, 0x00000000c2660000)
  to   space 4352K,   0% used [0x00000000c2660000, 0x00000000c2660000, 0x00000000c2aa0000)
 concurrent mark-sweep generation total 110772K, used 105985K [0x00000000d4cc0000, 0x00000000db8ed000, 0x0000000100000000)
 Metaspace       used 58517K, capacity 64056K, committed 64412K, reserved 1105920K
  class space    used 6858K, capacity 8609K, committed 8688K, reserved 1048576K
}
Event: 16.776 GC heap before
{Heap before GC invocations=50 (full 3):
 par new generation   total 39296K, used 36377K [0x00000000c0000000, 0x00000000c2aa0000, 0x00000000d4cc0000)
  eden space 34944K, 100% used [0x00000000c0000000, 0x00000000c2220000, 0x00000000c2220000)
  from space 4352K,  32% used [0x00000000c2220000, 0x00000000c23867d8, 0x00000000c2660000)
  to   space 4352K,   0% used [0x00000000c2660000, 0x00000000c2660000, 0x00000000c2aa0000)
 concurrent mark-sweep generation total 124140K, used 74482K [0x00000000d4cc0000, 0x00000000dc5fb000, 0x0000000100000000)
 Metaspace       used 58956K, capacity 64440K, committed 64668K, reserved 1105920K
  class space    used 6933K, capacity 8648K, committed 8688K, reserved 1048576K
Event: 16.778 GC heap after
Heap after GC invocations=51 (full 3):
 par new generation   total 39296K, used 2636K [0x00000000c0000000, 0x00000000c2aa0000, 0x00000000d4cc0000)
  eden space 34944K,   0% used [0x00000000c0000000, 0x00000000c0000000, 0x00000000c2220000)
  from space 4352K,  60% used [0x00000000c2660000, 0x00000000c28f3260, 0x00000000c2aa0000)
  to   space 4352K,   0% used [0x00000000c2220000, 0x00000000c2220000, 0x00000000c2660000)
 concurrent mark-sweep generation total 124140K, used 74482K [0x00000000d4cc0000, 0x00000000dc5fb000, 0x0000000100000000)
 Metaspace       used 58956K, capacity 64440K, committed 64668K, reserved 1105920K
  class space    used 6933K, capacity 8648K, committed 8688K, reserved 1048576K
}

